<?xml version="1.0" encoding="UTF-8"?>
<testsuite xmlns:xsi="http://www.w3.org/2001/XMLSchema-instance" xsi:noNamespaceSchemaLocation="https://maven.apache.org/surefire/maven-surefire-plugin/xsd/surefire-test-report.xsd" version="3.0.2" name="com.example.demo.DemoApplicationTests" time="2.097" tests="1" errors="0" skipped="0" failures="0">
  <properties>
[...]
</properties>
  <testcase name="contextLoads" classname="com.example.demo.DemoApplicationTests" time="0.289">
    <system-out><![CDATA[00:05:40.602 [main] INFO org.springframework.test.context.support.AnnotationConfigContextLoaderUtils -- Could not detect default configuration classes for test class [com.example.demo.DemoApplicationTests]: DemoApplicationTests does not declare any static, non-private, non-final, nested classes annotated with @Configuration.
00:05:40.659 [main] INFO org.springframework.boot.test.context.SpringBootTestContextBootstrapper -- Found @SpringBootConfiguration com.example.demo.DemoApplication for test class com.example.demo.DemoApplicationTests
00:05:40.725 [main] INFO org.springframework.boot.devtools.restart.RestartApplicationListener -- Restart disabled due to context in which it is running

  .   ____          _            __ _ _
 /\\ / ___'_ __ _ _(_)_ __  __ _ \ \ \ \
( ( )\___ | '_ | '_| | '_ \/ _` | \ \ \ \
 \\/  ___)| |_)| | | | | || (_| |  ) ) ) )
  '  |____| .__|_| |_|_| |_\__, | / / / /
 =========|_|==============|___/=/_/_/_/

 :: Spring Boot ::                (v3.5.0)

2025-06-05T00:05:40.858+07:00  INFO 55687 --- [demo] [           main] com.example.demo.DemoApplicationTests    : Starting DemoApplicationTests using Java 21.0.7 with PID 55687 (started by t.wuttipat.pipopsukawadee in /Users/t.wuttipat.pipopsukawadee/Desktop/demo)
2025-06-05T00:05:40.859+07:00  INFO 55687 --- [demo] [           main] com.example.demo.DemoApplicationTests    : No active profile set, falling back to 1 default profile: "default"
2025-06-05T00:05:41.131+07:00  INFO 55687 --- [demo] [           main] .s.d.r.c.RepositoryConfigurationDelegate : Bootstrapping Spring Data JPA repositories in DEFAULT mode.
2025-06-05T00:05:41.157+07:00  INFO 55687 --- [demo] [           main] .s.d.r.c.RepositoryConfigurationDelegate : Finished Spring Data repository scanning in 21 ms. Found 1 JPA repository interface.
2025-06-05T00:05:41.329+07:00  INFO 55687 --- [demo] [           main] com.zaxxer.hikari.HikariDataSource       : HikariPool-1 - Starting...
2025-06-05T00:05:41.411+07:00  INFO 55687 --- [demo] [           main] com.zaxxer.hikari.pool.HikariPool        : HikariPool-1 - Added connection conn0: url=jdbc:h2:mem:5d51fad2-34bf-4d6e-a13d-50b43efc93b2 user=SA
2025-06-05T00:05:41.411+07:00  INFO 55687 --- [demo] [           main] com.zaxxer.hikari.HikariDataSource       : HikariPool-1 - Start completed.
2025-06-05T00:05:41.433+07:00  INFO 55687 --- [demo] [           main] o.hibernate.jpa.internal.util.LogHelper  : HHH000204: Processing PersistenceUnitInfo [name: default]
2025-06-05T00:05:41.463+07:00  INFO 55687 --- [demo] [           main] org.hibernate.Version                    : HHH000412: Hibernate ORM core version 6.6.15.Final
2025-06-05T00:05:41.476+07:00  INFO 55687 --- [demo] [           main] o.h.c.internal.RegionFactoryInitiator    : HHH000026: Second-level cache disabled
2025-06-05T00:05:41.594+07:00  INFO 55687 --- [demo] [           main] o.s.o.j.p.SpringPersistenceUnitInfo      : No LoadTimeWeaver setup: ignoring JPA class transformer
2025-06-05T00:05:41.630+07:00  INFO 55687 --- [demo] [           main] org.hibernate.orm.connections.pooling    : HHH10001005: Database info:
	Database JDBC URL [Connecting through datasource 'HikariDataSource (HikariPool-1)']
	Database driver: undefined/unknown
	Database version: 2.3.232
	Autocommit mode: undefined/unknown
	Isolation level: undefined/unknown
	Minimum pool size: undefined/unknown
	Maximum pool size: undefined/unknown
2025-06-05T00:05:41.969+07:00  INFO 55687 --- [demo] [           main] o.h.e.t.j.p.i.JtaPlatformInitiator       : HHH000489: No JTA platform available (set 'hibernate.transaction.jta.platform' to enable JTA platform integration)
2025-06-05T00:05:41.980+07:00  INFO 55687 --- [demo] [           main] j.LocalContainerEntityManagerFactoryBean : Initialized JPA EntityManagerFactory for persistence unit 'default'
2025-06-05T00:05:42.131+07:00  WARN 55687 --- [demo] [           main] JpaBaseConfiguration$JpaWebConfiguration : spring.jpa.open-in-view is enabled by default. Therefore, database queries may be performed during view rendering. Explicitly configure spring.jpa.open-in-view to disable this warning
2025-06-05T00:05:42.141+07:00  INFO 55687 --- [demo] [           main] o.s.b.a.w.s.WelcomePageHandlerMapping    : Adding welcome page: class path resource [static/index.html]
2025-06-05T00:05:42.295+07:00  INFO 55687 --- [demo] [           main] com.example.demo.DemoApplicationTests    : Started DemoApplicationTests in 1.576 seconds (process running for 2.045)
2025-06-05T00:05:42.330+07:00  INFO 55687 --- [demo] [           main] com.example.demo.LoadDatabase            : loading storage Storage [id=1, name=Docker]
2025-06-05T00:05:42.331+07:00  INFO 55687 --- [demo] [           main] com.example.demo.LoadDatabase            : loading storage Storage [id=2, name=Azure]
2025-06-05T00:05:42.331+07:00  INFO 55687 --- [demo] [           main] com.example.demo.LoadDatabase            : loading storage Storage [id=3, name=AWS]
2025-06-05T00:05:42.332+07:00  INFO 55687 --- [demo] [           main] com.example.demo.LoadDatabase            : loading storage Storage [id=4, name=Terraform]
2025-06-05T00:05:42.332+07:00  INFO 55687 --- [demo] [           main] com.example.demo.LoadDatabase            : loading storage Storage [id=5, name=Kubernetes]
2025-06-05T00:05:42.333+07:00  INFO 55687 --- [demo] [           main] com.example.demo.LoadDatabase            : loading storage Storage [id=6, name=Jenkins]
]]></system-out>
    <system-err><![CDATA[Mockito is currently self-attaching to enable the inline-mock-maker. This will no longer work in future releases of the JDK. Please add Mockito as an agent to your build as described in Mockito's documentation: https://javadoc.io/doc/org.mockito/mockito-core/latest/org.mockito/org/mockito/Mockito.html#0.3
WARNING: A Java agent has been loaded dynamically (/Users/t.wuttipat.pipopsukawadee/.m2/repository/net/bytebuddy/byte-buddy-agent/1.17.5/byte-buddy-agent-1.17.5.jar)
WARNING: If a serviceability tool is in use, please run with -XX:+EnableDynamicAgentLoading to hide this warning
WARNING: If a serviceability tool is not in use, please run with -Djdk.instrument.traceUsage for more information
WARNING: Dynamic loading of agents will be disallowed by default in a future release
]]></system-err>
  </testcase>
</testsuite>